<?xml version="1.0" encoding="UTF-8"?>
<Site BuildName="(empty)"
	BuildStamp="20260523-2058-Experimental"
	Name="(empty)"
	Generator="ctest-3.22.1"
	CompilerName=""
	CompilerVersion=""
	OSName="Linux"
	Hostname="39dc5a1efeeb"
	OSRelease="6.12.76-linuxkit"
	OSVersion="#1 SMP Sun Mar  8 14:41:59 UTC 2026"
	OSPlatform="aarch64"
	Is64Bits="1"
	VendorString=""
	VendorID="Unknown Manufacturer"
	FamilyID="8"
	ModelID="0"
	ProcessorCacheSize="0"
	NumberOfLogicalCPU="8"
	NumberOfPhysicalCPU="1"
	TotalVirtualMemory="1023"
	TotalPhysicalMemory="3918"
	LogicalProcessorsPerPhysical="8"
	ProcessorClockFrequency="0"
	>
	<Testing>
		<StartDateTime>May 23 20:58 UTC</StartDateTime>
		<StartTestTime>1779569885</StartTestTime>
		<TestList/>
		<EndDateTime>May 23 20:58 UTC</EndDateTime>
		<EndTestTime>1779569885</EndTestTime>
		<ElapsedMinutes>0</ElapsedMinutes>
	</Testing>
</Site>
