Start testing: May 24 14:23 UTC
----------------------------------------------------------
1/1 Testing: MasterFSMTest
1/1 Test: MasterFSMTest
Command: "/RTOSP1/build/Target/application/unit_test/tests/test_master_fsm"
Directory: /RTOSP1/build/Target/application/unit_test/tests
"MasterFSMTest" start time: May 24 14:23 UTC
Output:
----------------------------------------------------------
/RTOSP1/tests/test_master_fsm.c:74:test_MasterFSM_HandleRxFrame_InvalidLength_DoesNotChangeState:PASS
/RTOSP1/tests/test_master_fsm.c:75:test_MasterFSM_HandleRxFrame_InvalidSofOrEof_DoesNotChangeState:PASS
/RTOSP1/tests/test_master_fsm.c:76:test_MasterFSM_HandleRxFrame_AckNewSlave_SetsDiscoveryAndCommRunning:PASS
/RTOSP1/tests/test_master_fsm.c:77:test_MasterFSM_HandleRxFrame_AckExistingSlave_SetsNormalOperation:PASS

-----------------------
4 Tests 0 Failures 0 Ignored 
OK
<end of output>
Test time =   0.00 sec
----------------------------------------------------------
Test Passed.
"MasterFSMTest" end time: May 24 14:23 UTC
"MasterFSMTest" time elapsed: 00:00:00
----------------------------------------------------------

End testing: May 24 14:23 UTC
